<?xml version="1.0" encoding="UTF-8"?>
<testng-results ignored="0" total="1" passed="1" failed="0" skipped="0">
  <reporter-output>
  </reporter-output>
  <suite started-at="2020-12-05T20:56:16 PST" name="Default suite" finished-at="2020-12-05T20:56:22 PST" duration-ms="6723">
    <groups>
    </groups>
    <test started-at="2020-12-05T20:56:16 PST" name="Default test" finished-at="2020-12-05T20:56:22 PST" duration-ms="6723">
      <class name="demo.Test4">
        <test-method is-config="true" signature="setUp()[pri:0, instance:demo.Test4@4ddced80]" started-at="2020-12-05T20:56:16 PST" name="setUp" finished-at="2020-12-05T20:56:19 PST" duration-ms="3326" status="PASS">
          <reporter-output>
          </reporter-output>
        </test-method> <!-- setUp -->
        <test-method signature="test4()[pri:0, instance:demo.Test4@4ddced80]" started-at="2020-12-05T20:56:19 PST" name="test4" finished-at="2020-12-05T20:56:22 PST" duration-ms="2758" status="PASS">
          <reporter-output>
          </reporter-output>
        </test-method> <!-- test4 -->
        <test-method is-config="true" signature="tearDown()[pri:0, instance:demo.Test4@4ddced80]" started-at="2020-12-05T20:56:22 PST" name="tearDown" finished-at="2020-12-05T20:56:22 PST" duration-ms="614" status="PASS">
          <reporter-output>
          </reporter-output>
        </test-method> <!-- tearDown -->
      </class> <!-- demo.Test4 -->
    </test> <!-- Default test -->
  </suite> <!-- Default suite -->
</testng-results>
