<?xml version="1.0" encoding="UTF-8"?>
<!-- Generated by org.testng.reporters.JUnitXMLReporter -->
<testsuite ignored="1" hostname="DESKTOP-TVTA546" failures="0" tests="2" name="Test11" time="8.58" errors="0" timestamp="2020-11-19T14:35:35 PST">
  <testcase classname="testtest.TestNG_Demo2" name="googleSearch3" time="1.457"/>
  <testcase classname="testtest.TestNG_Demo" name="googleSearch" time="1.587"/>
  <testcase classname="testtest.TestNG_Demo2" name="googleSearch2" time="0.0">
    <ignored/>
  </testcase> <!-- googleSearch2 -->
</testsuite> <!-- Test11 -->
